0 info it worked if it ends with ok
1 verbose cli [ '/Users/Prudente/.nvm/versions/node/v6.2.2/bin/node',
1 verbose cli   '/Users/Prudente/.nvm/versions/node/v6.2.2/bin/npm',
1 verbose cli   'run',
1 verbose cli   'arduino:dev' ]
2 info using npm@3.9.5
3 info using node@v6.2.2
4 verbose run-script [ 'prearduino:dev', 'arduino:dev', 'postarduino:dev' ]
5 info lifecycle johnny-five-led-sockets@1.0.0~prearduino:dev: johnny-five-led-sockets@1.0.0
6 silly lifecycle johnny-five-led-sockets@1.0.0~prearduino:dev: no script for prearduino:dev, continuing
7 info lifecycle johnny-five-led-sockets@1.0.0~arduino:dev: johnny-five-led-sockets@1.0.0
8 verbose lifecycle johnny-five-led-sockets@1.0.0~arduino:dev: unsafe-perm in lifecycle true
9 verbose lifecycle johnny-five-led-sockets@1.0.0~arduino:dev: PATH: /Users/Prudente/.nvm/versions/node/v6.2.2/lib/node_modules/npm/bin/node-gyp-bin:/Users/Prudente/Documents/feedkellyscattreats/node_modules/.bin:/Users/Prudente/.nvm/versions/node/v6.2.2/bin:/Users/Prudente/.nvm/versions/node/v6.2.2/bin:/usr/bin:/bin:/usr/sbin:/sbin:/usr/local/bin
10 verbose lifecycle johnny-five-led-sockets@1.0.0~arduino:dev: CWD: /Users/Prudente/Documents/feedkellyscattreats
11 silly lifecycle johnny-five-led-sockets@1.0.0~arduino:dev: Args: [ '-c',
11 silly lifecycle   'NODE_ENV=development concurrently --kill-others "npm run dev" "node arduino.js"' ]
12 silly lifecycle johnny-five-led-sockets@1.0.0~arduino:dev: Returned: code: 1  signal: null
13 info lifecycle johnny-five-led-sockets@1.0.0~arduino:dev: Failed to exec arduino:dev script
14 verbose stack Error: johnny-five-led-sockets@1.0.0 arduino:dev: `NODE_ENV=development concurrently --kill-others "npm run dev" "node arduino.js"`
14 verbose stack Exit status 1
14 verbose stack     at EventEmitter.<anonymous> (/Users/Prudente/.nvm/versions/node/v6.2.2/lib/node_modules/npm/lib/utils/lifecycle.js:245:16)
14 verbose stack     at emitTwo (events.js:106:13)
14 verbose stack     at EventEmitter.emit (events.js:191:7)
14 verbose stack     at ChildProcess.<anonymous> (/Users/Prudente/.nvm/versions/node/v6.2.2/lib/node_modules/npm/lib/utils/spawn.js:24:14)
14 verbose stack     at emitTwo (events.js:106:13)
14 verbose stack     at ChildProcess.emit (events.js:191:7)
14 verbose stack     at maybeClose (internal/child_process.js:852:16)
14 verbose stack     at Process.ChildProcess._handle.onexit (internal/child_process.js:215:5)
15 verbose pkgid johnny-five-led-sockets@1.0.0
16 verbose cwd /Users/Prudente/Documents/feedkellyscattreats
17 error Darwin 16.7.0
18 error argv "/Users/Prudente/.nvm/versions/node/v6.2.2/bin/node" "/Users/Prudente/.nvm/versions/node/v6.2.2/bin/npm" "run" "arduino:dev"
19 error node v6.2.2
20 error npm  v3.9.5
21 error code ELIFECYCLE
22 error johnny-five-led-sockets@1.0.0 arduino:dev: `NODE_ENV=development concurrently --kill-others "npm run dev" "node arduino.js"`
22 error Exit status 1
23 error Failed at the johnny-five-led-sockets@1.0.0 arduino:dev script 'NODE_ENV=development concurrently --kill-others "npm run dev" "node arduino.js"'.
23 error Make sure you have the latest version of node.js and npm installed.
23 error If you do, this is most likely a problem with the johnny-five-led-sockets package,
23 error not with npm itself.
23 error Tell the author that this fails on your system:
23 error     NODE_ENV=development concurrently --kill-others "npm run dev" "node arduino.js"
23 error You can get information on how to open an issue for this project with:
23 error     npm bugs johnny-five-led-sockets
23 error Or if that isn't available, you can get their info via:
23 error     npm owner ls johnny-five-led-sockets
23 error There is likely additional logging output above.
24 verbose exit [ 1, true ]
